# 示例及解析

### 生成测试数据

为了方便说明，本文创建了两张表：`t_custom`(消费者表)、`t_order`(订单表)。

建表语句如下：

```sql
--消费者表
CREATE TABLE t_custom(
  custom_id serial primary key,
  name varchar(20),
  uuid varchar(50),
  age int
);
CREATE UNIQUE INDEX custom_uuid on t_custom(uuid);
CREATE INDEX custom_age_index on t_custom(age);
--订单表
CREATE TABLE t_order(
    order_id serial primary key,
    custom_id int REFERENCES t_custom(custom_id),
    money int
);
```

我们分别向两张表中添加一些数据。可使用如下`linux`命令随机生成一些数据：

```bash
customNum=100
orderNum=200

rm tmp
rm custom.sql
for i in `seq $customNum`; do
  uuid=$(uuidgen)
  echo $uuid >> tmp
done

## custom.sql文件为向t_custom表插入数据的sql
awk -v LINE_NUM=$customNum 'BEGIN{
  srand(); 
  for(i=1;i<=LINE_NUM;i++) {
    a[i]=int(rand()*10000%100);
  } 
}{
  print "insert into t_custom(custom_id,name,uuid,age) values ("NR",'\''张"NR"'\'','\''"$1"'\'',"a[NR]");"
}' tmp > custom.sql


## order.sql文件为向t_order表插入数据的sql
echo "" | awk -v ORDER_NUM=$orderNum -v CUSTOM_NUM=$customNum 'BEGIN{
  srand(); 
  for(i=1;i<=ORDER_NUM;i++) {
    money=int(rand()*10000%1000);
    customId=int(rand()*100000%CUSTOM_NUM+1);
    print "insert into t_order(custom_id,money) values ("customId","money");"
  } 
}' > order.sql
```



如上脚本执行完成后，会在当前目录里生成两个文件：`custom.sql`， `order.sql`。

在数据库中执行这两个`sql`，添加数据。



### 一个最简单的例子

执行`explain`语句，得到如下结果。

```sql
shirley=# explain select * from t_custom;
                        QUERY PLAN
-----------------------------------------------------------
 Seq Scan on t_custom  (cost=0.00..3.00 rows=100 width=50)
```



上面这个查询没有`WHERE`子句，所以必须扫描表中的所有行，所以规划器选择使用简单的顺序扫描规划。

执行计划结果中，`Seq Scan ont_custom`表示（从头到尾）顺序扫描表`t_custom`。

后面括号里的内容可以分为3部分：

- `cost=0.00..3.00`：`cost`后面后两个浮点数，中间由`...`分隔。

  第一个数`0.00`表示启动成本（即返回第一行数据需要的`cost`），第二个数`204.00`，表示返回所有数据的成本。

  `cost`用于描述`SQL`的运行代价，值越小越好。

- `rows=100`：表示预估返回100行；

- `width=50`：表示每行预估平均宽度为50字节；



### 输出结果解释

上边用一个简单的例子介绍了`explain`。现在通过一个比较复杂的例子，来详细说明`explain`的输出结果。

还是用之前我们生成的数据，我们希望得到：**年龄大于18的，总消费金最少的10个消费者**，SQL如下：

```sql
SELECT t_custom.name AS customName, SUM(t_order.money) AS total_money 
FROM t_custom LEFT JOIN t_order ON t_custom.custom_id = t_order.custom_id 
WHERE t_custom.age > 18 
GROUP BY t_custom.name
ORDER BY total_money ASC LIMIT 10;
```

我们通过`EXPLAIN`命令，查看SQL的执行计划，如下：

```sql
shirley=# EXPLAIN ANALYZE SELECT t_custom.name AS customName, SUM(t_order.money) AS total_money
FROM t_custom LEFT JOIN t_order ON t_custom.custom_id=t_order.custom_id
WHERE t_custom.age > 18
GROUP BY t_custom.name
ORDER BY total_money ASC LIMIT 10;
                                                            QUERY PLAN
----------------------------------------------------------------------------------------------------------------------------------
 --取出6的结果里排在最前面的10行记录
 Limit  (cost=12.13..12.15 rows=10 width=13) (actual time=12.588..12.995 rows=10 loops=1)
   --6.对5的结果按照sum(t_order.money)进行排序
   ->  Sort  (cost=12.13..12.33 rows=80 width=13) (actual time=12.479..12.680 rows=10 loops=1)
         Sort Key: (sum(t_order.money))
         Sort Method: top-N heapsort  Memory: 25kB
         --5.对4的结果，按照t_custom.name进行group，得到80行数据
         ->  HashAggregate  (cost=9.60..10.40 rows=80 width=13) (actual time=10.632..11.672 rows=80 loops=1)
               Group Key: t_custom.name
               Batches: 1  Memory Usage: 24kB
               --4.对2和3的结果表进行Hash Join(散列连接)，生成的新表共169行
               ->  Hash Right Join  (cost=4.25..8.80 rows=160 width=9) (actual time=1.960..8.379 rows=169 loops=1)
                     Hash Cond: (t_order.custom_id = t_custom.custom_id)
                     --3.全表扫描t_order
                     ->  Seq Scan on t_order  (cost=0.00..4.00 rows=200 width=8) (actual time=0.018..2.225 rows=200 loops=1)
                     --2.对1的结果建立散列表，散列表共80行
                     ->  Hash  (cost=3.25..3.25 rows=80 width=9) (actual time=1.905..1.935 rows=80 loops=1)
                           Buckets: 1024  Batches: 1  Memory Usage: 12kB
                           --1.全表扫描t_custom，按age>18进行过滤，过滤掉20行数据，过滤后得到80行数据
                           ->  Seq Scan on t_custom  (cost=0.00..3.25 rows=80 width=9) (actual time=0.022..0.936 rows=80 loops=1)
                                 Filter: (age > 18)
                                 Rows Removed by Filter: 20
 Planning Time: 0.459 ms
 Execution Time: 13.182 ms
```



### 输出结果的结构 --- Tree 树

下面我们对这个复杂的输出分别进行说明。

首先，查询计划是一棵树( tree of nodes)。

每个节点都有一定的类型，并且可能有一个或多个子节点。

不同的节点类型行为不同，但总体机制是相同的：父节点逐行从其子节点提取数据。孩子们要么直接生成数据（例如，通过从表中读取数据），要么从他们的孩子那里获取数据。查询的最终结果从root根结点获取。



在上面的例子中，根结点为 `Limit (cost=12.13..12.15 rows=10 width=13) (actual time=12.588..12.995 rows=10 loops=1)`。

这一行也对应查询语句的最终结果。在根节点这一行，我们可以看出，根结点Limit执行完成在12.995毫秒，这也是整个sql语句执行的时间。

除根结点外，其他节点都是以` -> `开始。

上例中，根结点Limit有一个子节点Sort。当输出格式为Json时，对结果当树结构会有一个更为直观的意识。



#### 每个节点的输出

每个节点上会输出节点类型，预估的执行结果，实际执行结果（指定analyze参数）及执行计划的其他信息。

- 预估执行成本，行数：`(cost=12.13..12.15 rows=10 width=13)`；
- 实际执行时间，行数：`(actual time=12.588..12.995 rows=10 loops=1)`；
- 执行计划其他信息：`Sort Key: (sum(t_order.money)) Sort Method: top-N heapsort  Memory: 25kB`；



#### 节点类型

当输出格式为默认 `TEXT`时，每个节点都会以节点类型开始。常见的节点类型包括：

- `Seq Scan`：顺序扫描，也就是全表扫描，把表中所有数据块从头到位读一遍
- `Index Scan`：索引扫描，在索引中找出需要的数据行的物理位置
- `Bitmap Heap Scan`：位图扫描，也是走索引的一种方式。方法是扫描索引，把满足条件的行或块在内存中建一个位图，扫描完索引后，再根据位图到表的数据文件中把相应的数据读出来。如果走了两个索引，可以把两个索引形成的位图通过AND或OR计算合并成一个，再到表的数据文件中读取数据。
- `Hash Join` ：散列连接。优化器使用两个表中较小的表，利用连接键在内存中建立散列表，然后扫描较大的表并探测散列表，找出与散列表匹配的行。这种方式适用于较小的表可以完全放于内存中的情况，这样总成本就是访问两个表的成本之和。但是如果表很大，不能完全放人内存，优化器会将它分割成若干不同的分区，把不能放人内存的部分写人磁盘的临时段，此时要有较大的临时段从而尽量提高 I/O 的性能。
- `Merge Join`：合并连接。通常情况下，散列连接的效果比合并连接要好，然而如果源数据上有索引，或者结果被排过序，此时执行排序合并连接不需要再进行排序，合并连接的性能会优于散列连接。



#### 下面对前面那个复杂的Explain进行详细解释

如上1~7步骤



### 总结

1. Explain命令可以查看SQL的执行计划
2. 执行计划的返回结果为Tree，SQL的执行顺序可以**从下往上看**，最上面的根结点对应SQL的最终返回结果
3. 每个执行计划节点包含执行计划类型，成本，函数等信息。如果指定了analyze参数，则同时会返回真正执行的时间，行数